
======== GPU REPORT ========

==============NVSMI LOG==============

Timestamp                           : Fri Apr 17 22:39:18 2020
Driver Version                      : 418.116.00
CUDA Version                        : 10.1

Attached GPUs                       : 2
GPU 00000000:86:00.0
    Accounting Mode                 : Enabled
    Accounting Mode Buffer Size     : 4000
    Accounted Processes             : None

GPU 00000000:89:00.0
    Accounting Mode                 : Enabled
    Accounting Mode Buffer Size     : 4000
    Accounted Processes             : None

Fri Apr 17 22:39:18 2020       
+-----------------------------------------------------------------------------+
| NVIDIA-SMI 418.116.00   Driver Version: 418.116.00   CUDA Version: 10.1     |
|-------------------------------+----------------------+----------------------+
| GPU  Name        Persistence-M| Bus-Id        Disp.A | Volatile Uncorr. ECC |
| Fan  Temp  Perf  Pwr:Usage/Cap|         Memory-Usage | GPU-Util  Compute M. |
|===============================+======================+======================|
|   0  Tesla V100-SXM2...  On   | 00000000:86:00.0 Off |                    0 |
| N/A   30C    P0    41W / 163W |      0MiB / 32480MiB |      0%      Default |
+-------------------------------+----------------------+----------------------+
|   1  Tesla V100-SXM2...  On   | 00000000:89:00.0 Off |                    0 |
| N/A   37C    P0    43W / 163W |      0MiB / 32480MiB |      0%      Default |
+-------------------------------+----------------------+----------------------+
                                                                               
+-----------------------------------------------------------------------------+
| Processes:                                                       GPU Memory |
|  GPU       PID   Type   Process name                             Usage      |
|=============================================================================|
|  No running processes found                                                 |
+-----------------------------------------------------------------------------+
