[=== Module python/3.7 loaded ===]
Defaulting to user installation because normal site-packages is not writeable
Requirement already satisfied: gast==0.3.3 in /network/home/jangeunb/.local/lib/python3.7/site-packages (from -r requirements.txt (line 1)) (0.3.3)
Requirement already satisfied: gitdb==4.0.2 in /network/home/jangeunb/.local/lib/python3.7/site-packages (from -r requirements.txt (line 2)) (4.0.2)
Requirement already satisfied: GitPython==3.1.0 in /network/home/jangeunb/.local/lib/python3.7/site-packages (from -r requirements.txt (line 3)) (3.1.0)
Requirement already satisfied: gql==0.2.0 in /network/home/jangeunb/.local/lib/python3.7/site-packages (from -r requirements.txt (line 4)) (0.2.0)
Requirement already satisfied: graphql-core==1.1 in /network/home/jangeunb/.local/lib/python3.7/site-packages (from -r requirements.txt (line 5)) (1.1)
Requirement already satisfied: grpcio==1.27.2 in /network/home/jangeunb/.local/lib/python3.7/site-packages (from -r requirements.txt (line 6)) (1.27.2)
Requirement already satisfied: h5py==2.10.0 in /network/home/jangeunb/.local/lib/python3.7/site-packages (from -r requirements.txt (line 7)) (2.10.0)
Requirement already satisfied: idna==2.9 in /network/home/jangeunb/.local/lib/python3.7/site-packages (from -r requirements.txt (line 8)) (2.9)
Requirement already satisfied: importlib-metadata==1.6.0 in /network/home/jangeunb/.local/lib/python3.7/site-packages (from -r requirements.txt (line 9)) (1.6.0)
Requirement already satisfied: ipdb==0.13.2 in /network/home/jangeunb/.local/lib/python3.7/site-packages (from -r requirements.txt (line 10)) (0.13.2)
Requirement already satisfied: ipython==7.13.0 in /network/home/jangeunb/.local/lib/python3.7/site-packages (from -r requirements.txt (line 11)) (7.13.0)
Requirement already satisfied: ipython-genutils==0.2.0 in /network/home/jangeunb/.local/lib/python3.7/site-packages (from -r requirements.txt (line 12)) (0.2.0)
Requirement already satisfied: jedi==0.16.0 in /network/home/jangeunb/.local/lib/python3.7/site-packages (from -r requirements.txt (line 13)) (0.16.0)
Requirement already satisfied: Keras-Applications==1.0.8 in /network/home/jangeunb/.local/lib/python3.7/site-packages (from -r requirements.txt (line 14)) (1.0.8)
Requirement already satisfied: Keras-Preprocessing==1.1.0 in /network/home/jangeunb/.local/lib/python3.7/site-packages (from -r requirements.txt (line 15)) (1.1.0)
Requirement already satisfied: Markdown==3.2.1 in /network/home/jangeunb/.local/lib/python3.7/site-packages (from -r requirements.txt (line 16)) (3.2.1)
Requirement already satisfied: mock==4.0.2 in /network/home/jangeunb/.local/lib/python3.7/site-packages (from -r requirements.txt (line 17)) (4.0.2)
Requirement already satisfied: more-itertools==8.2.0 in /network/home/jangeunb/.local/lib/python3.7/site-packages (from -r requirements.txt (line 18)) (8.2.0)
Requirement already satisfied: mypy==0.770 in /network/home/jangeunb/.local/lib/python3.7/site-packages (from -r requirements.txt (line 19)) (0.770)
Requirement already satisfied: mypy-extensions==0.4.3 in /network/home/jangeunb/.local/lib/python3.7/site-packages (from -r requirements.txt (line 20)) (0.4.3)
Requirement already satisfied: numpy==1.18.2 in /network/home/jangeunb/.local/lib/python3.7/site-packages (from -r requirements.txt (line 21)) (1.18.2)
Requirement already satisfied: nvidia-ml-py3==7.352.0 in /network/home/jangeunb/.local/lib/python3.7/site-packages (from -r requirements.txt (line 22)) (7.352.0)
Requirement already satisfied: packaging==20.3 in /network/home/jangeunb/.local/lib/python3.7/site-packages (from -r requirements.txt (line 23)) (20.3)
Requirement already satisfied: pandas==1.0.3 in /network/home/jangeunb/.local/lib/python3.7/site-packages (from -r requirements.txt (line 24)) (1.0.3)
Requirement already satisfied: parso==0.6.2 in /network/home/jangeunb/.local/lib/python3.7/site-packages (from -r requirements.txt (line 25)) (0.6.2)
Requirement already satisfied: pathtools==0.1.2 in /network/home/jangeunb/.local/lib/python3.7/site-packages (from -r requirements.txt (line 26)) (0.1.2)
Requirement already satisfied: pexpect==4.8.0 in /network/home/jangeunb/.local/lib/python3.7/site-packages (from -r requirements.txt (line 27)) (4.8.0)
Requirement already satisfied: pickleshare==0.7.5 in /network/home/jangeunb/.local/lib/python3.7/site-packages (from -r requirements.txt (line 28)) (0.7.5)
Requirement already satisfied: pluggy==0.13.1 in /network/home/jangeunb/.local/lib/python3.7/site-packages (from -r requirements.txt (line 29)) (0.13.1)
Requirement already satisfied: promise==2.3 in /network/home/jangeunb/.local/lib/python3.7/site-packages (from -r requirements.txt (line 30)) (2.3)
Requirement already satisfied: prompt-toolkit==3.0.5 in /network/home/jangeunb/.local/lib/python3.7/site-packages (from -r requirements.txt (line 31)) (3.0.5)
Requirement already satisfied: protobuf==3.11.3 in /network/home/jangeunb/.local/lib/python3.7/site-packages (from -r requirements.txt (line 32)) (3.11.3)
Requirement already satisfied: psutil==5.7.0 in /network/home/jangeunb/.local/lib/python3.7/site-packages (from -r requirements.txt (line 33)) (5.7.0)
Requirement already satisfied: ptyprocess==0.6.0 in /network/home/jangeunb/.local/lib/python3.7/site-packages (from -r requirements.txt (line 34)) (0.6.0)
Requirement already satisfied: py==1.8.1 in /network/home/jangeunb/.local/lib/python3.7/site-packages (from -r requirements.txt (line 35)) (1.8.1)
Requirement already satisfied: pycparser==2.20 in /network/home/jangeunb/.local/lib/python3.7/site-packages (from -r requirements.txt (line 36)) (2.20)
Requirement already satisfied: Pygments==2.6.1 in /network/home/jangeunb/.local/lib/python3.7/site-packages (from -r requirements.txt (line 37)) (2.6.1)
Requirement already satisfied: pyparsing==2.4.6 in /network/home/jangeunb/.local/lib/python3.7/site-packages (from -r requirements.txt (line 38)) (2.4.6)
Requirement already satisfied: pytest==5.4.1 in /network/home/jangeunb/.local/lib/python3.7/site-packages (from -r requirements.txt (line 39)) (5.4.1)
Requirement already satisfied: python-dateutil==2.8.1 in /network/home/jangeunb/.local/lib/python3.7/site-packages (from -r requirements.txt (line 40)) (2.8.1)
Requirement already satisfied: pytz==2019.3 in /network/home/jangeunb/.local/lib/python3.7/site-packages (from -r requirements.txt (line 41)) (2019.3)
Requirement already satisfied: PyYAML==5.3.1 in /network/home/jangeunb/.local/lib/python3.7/site-packages (from -r requirements.txt (line 42)) (5.3.1)
Requirement already satisfied: requests==2.23.0 in /network/home/jangeunb/.local/lib/python3.7/site-packages (from -r requirements.txt (line 43)) (2.23.0)
Requirement already satisfied: scipy==1.4.1 in /network/home/jangeunb/.local/lib/python3.7/site-packages (from -r requirements.txt (line 44)) (1.4.1)
Requirement already satisfied: sentencepiece==0.1.85 in /network/home/jangeunb/.local/lib/python3.7/site-packages (from -r requirements.txt (line 45)) (0.1.85)
Requirement already satisfied: sentry-sdk==0.14.3 in /network/home/jangeunb/.local/lib/python3.7/site-packages (from -r requirements.txt (line 46)) (0.14.3)
Requirement already satisfied: SetSimilaritySearch==0.1.7 in /network/home/jangeunb/.local/lib/python3.7/site-packages (from -r requirements.txt (line 47)) (0.1.7)
Requirement already satisfied: shortuuid==1.0.1 in /network/home/jangeunb/.local/lib/python3.7/site-packages (from -r requirements.txt (line 48)) (1.0.1)
Requirement already satisfied: six==1.14.0 in /cvmfs/ai.mila.quebec/apps/x86_64/debian/python/3.7/lib/python3.7/site-packages (from -r requirements.txt (line 49)) (1.14.0)
Requirement already satisfied: smmap==3.0.1 in /network/home/jangeunb/.local/lib/python3.7/site-packages (from -r requirements.txt (line 50)) (3.0.1)
Requirement already satisfied: subprocess32==3.5.4 in /network/home/jangeunb/.local/lib/python3.7/site-packages (from -r requirements.txt (line 51)) (3.5.4)
Requirement already satisfied: tensorboard==1.13.1 in /network/home/jangeunb/.local/lib/python3.7/site-packages (from -r requirements.txt (line 52)) (1.13.1)
Requirement already satisfied: tensorflow==1.13.1 in /network/home/jangeunb/.local/lib/python3.7/site-packages (from -r requirements.txt (line 53)) (1.13.1)
Requirement already satisfied: tensorflow-estimator==1.13.0 in /network/home/jangeunb/.local/lib/python3.7/site-packages (from -r requirements.txt (line 54)) (1.13.0)
Requirement already satisfied: termcolor==1.1.0 in /network/home/jangeunb/.local/lib/python3.7/site-packages (from -r requirements.txt (line 55)) (1.1.0)
Requirement already satisfied: toolz==0.10.0 in /network/home/jangeunb/.local/lib/python3.7/site-packages (from -r requirements.txt (line 56)) (0.10.0)
Requirement already satisfied: tqdm==4.45.0 in /network/home/jangeunb/.local/lib/python3.7/site-packages (from -r requirements.txt (line 57)) (4.45.0)
Requirement already satisfied: traitlets==4.3.3 in /network/home/jangeunb/.local/lib/python3.7/site-packages (from -r requirements.txt (line 58)) (4.3.3)
Requirement already satisfied: typed-ast==1.4.1 in /network/home/jangeunb/.local/lib/python3.7/site-packages (from -r requirements.txt (line 59)) (1.4.1)
Requirement already satisfied: typing-extensions==3.7.4.2 in /network/home/jangeunb/.local/lib/python3.7/site-packages (from -r requirements.txt (line 60)) (3.7.4.2)
Requirement already satisfied: urllib3==1.25.8 in /network/home/jangeunb/.local/lib/python3.7/site-packages (from -r requirements.txt (line 61)) (1.25.8)
Requirement already satisfied: wandb==0.8.31 in /network/home/jangeunb/.local/lib/python3.7/site-packages (from -r requirements.txt (line 62)) (0.8.31)
Requirement already satisfied: watchdog==0.10.2 in /network/home/jangeunb/.local/lib/python3.7/site-packages (from -r requirements.txt (line 63)) (0.10.2)
Requirement already satisfied: wcwidth==0.1.9 in /network/home/jangeunb/.local/lib/python3.7/site-packages (from -r requirements.txt (line 64)) (0.1.9)
Requirement already satisfied: Werkzeug==1.0.1 in /network/home/jangeunb/.local/lib/python3.7/site-packages (from -r requirements.txt (line 65)) (1.0.1)
Requirement already satisfied: zipp==3.1.0 in /network/home/jangeunb/.local/lib/python3.7/site-packages (from -r requirements.txt (line 66)) (3.1.0)
Requirement already satisfied: 2to3==1.0 in /network/home/jangeunb/.local/lib/python3.7/site-packages (from -r requirements.txt (line 67)) (1.0)
Requirement already satisfied: setuptools in /cvmfs/ai.mila.quebec/apps/x86_64/debian/python/3.7/lib/python3.7/site-packages (from ipdb==0.13.2->-r requirements.txt (line 10)) (41.2.0)
Requirement already satisfied: decorator in /network/home/jangeunb/.local/lib/python3.7/site-packages (from ipython==7.13.0->-r requirements.txt (line 11)) (4.4.2)
Requirement already satisfied: backcall in /network/home/jangeunb/.local/lib/python3.7/site-packages (from ipython==7.13.0->-r requirements.txt (line 11)) (0.1.0)
Requirement already satisfied: attrs>=17.4.0 in /network/home/jangeunb/.local/lib/python3.7/site-packages (from pytest==5.4.1->-r requirements.txt (line 39)) (19.3.0)
Requirement already satisfied: certifi>=2017.4.17 in /network/home/jangeunb/.local/lib/python3.7/site-packages (from requests==2.23.0->-r requirements.txt (line 43)) (2019.11.28)
Requirement already satisfied: chardet<4,>=3.0.2 in /network/home/jangeunb/.local/lib/python3.7/site-packages (from requests==2.23.0->-r requirements.txt (line 43)) (3.0.4)
Requirement already satisfied: absl-py>=0.4 in /network/home/jangeunb/.local/lib/python3.7/site-packages (from tensorboard==1.13.1->-r requirements.txt (line 52)) (0.9.0)
Requirement already satisfied: wheel>=0.26; python_version >= "3" in /network/home/jangeunb/.local/lib/python3.7/site-packages (from tensorboard==1.13.1->-r requirements.txt (line 52)) (0.34.2)
Requirement already satisfied: astor>=0.6.0 in /network/home/jangeunb/.local/lib/python3.7/site-packages (from tensorflow==1.13.1->-r requirements.txt (line 53)) (0.8.1)
Requirement already satisfied: docker-pycreds>=0.4.0 in /network/home/jangeunb/.local/lib/python3.7/site-packages (from wandb==0.8.31->-r requirements.txt (line 62)) (0.4.0)
Requirement already satisfied: Click>=7.0 in /network/home/jangeunb/.local/lib/python3.7/site-packages (from wandb==0.8.31->-r requirements.txt (line 62)) (7.1.1)
Requirement already satisfied: configparser>=3.8.1 in /network/home/jangeunb/.local/lib/python3.7/site-packages (from wandb==0.8.31->-r requirements.txt (line 62)) (5.0.0)
/network/home/jangeunb/.local/lib/python3.7/site-packages/tensorflow/python/framework/dtypes.py:526: FutureWarning: Passing (type, 1) or '1type' as a synonym of type is deprecated; in a future version of numpy, it will be understood as (type, (1,)) / '(1,)type'.
  _np_qint8 = np.dtype([("qint8", np.int8, 1)])
/network/home/jangeunb/.local/lib/python3.7/site-packages/tensorflow/python/framework/dtypes.py:527: FutureWarning: Passing (type, 1) or '1type' as a synonym of type is deprecated; in a future version of numpy, it will be understood as (type, (1,)) / '(1,)type'.
  _np_quint8 = np.dtype([("quint8", np.uint8, 1)])
/network/home/jangeunb/.local/lib/python3.7/site-packages/tensorflow/python/framework/dtypes.py:528: FutureWarning: Passing (type, 1) or '1type' as a synonym of type is deprecated; in a future version of numpy, it will be understood as (type, (1,)) / '(1,)type'.
  _np_qint16 = np.dtype([("qint16", np.int16, 1)])
/network/home/jangeunb/.local/lib/python3.7/site-packages/tensorflow/python/framework/dtypes.py:529: FutureWarning: Passing (type, 1) or '1type' as a synonym of type is deprecated; in a future version of numpy, it will be understood as (type, (1,)) / '(1,)type'.
  _np_quint16 = np.dtype([("quint16", np.uint16, 1)])
/network/home/jangeunb/.local/lib/python3.7/site-packages/tensorflow/python/framework/dtypes.py:530: FutureWarning: Passing (type, 1) or '1type' as a synonym of type is deprecated; in a future version of numpy, it will be understood as (type, (1,)) / '(1,)type'.
  _np_qint32 = np.dtype([("qint32", np.int32, 1)])
/network/home/jangeunb/.local/lib/python3.7/site-packages/tensorflow/python/framework/dtypes.py:535: FutureWarning: Passing (type, 1) or '1type' as a synonym of type is deprecated; in a future version of numpy, it will be understood as (type, (1,)) / '(1,)type'.
  np_resource = np.dtype([("resource", np.ubyte, 1)])
wandb: W&B is a tool that helps track and visualize machine learning experiments
wandb: No credentials found.  Run "wandb login" to visualize your metrics
wandb: Tracking run with wandb version 0.8.31
wandb: Run data is saved locally in wandb/run-20200415_043538-2issifsw

2020-04-15 00:35:39.607600: I tensorflow/core/platform/cpu_feature_guard.cc:141] Your CPU supports instructions that this TensorFlow binary was not compiled to use: AVX2 FMA
2020-04-15 00:35:39.635849: I tensorflow/core/platform/profile_utils/cpu_utils.cc:94] CPU Frequency: 2194880000 Hz
2020-04-15 00:35:39.637450: I tensorflow/compiler/xla/service/service.cc:150] XLA service 0x559d7b2e9800 executing computations on platform Host. Devices:
2020-04-15 00:35:39.637469: I tensorflow/compiler/xla/service/service.cc:158]   StreamExecutor device (0): <undefined>, <undefined>
Tokenizing and building vocabulary for code snippets and queries.  This step may take several hours.
